<?xml version="1.0" encoding="UTF-8"?>
<!-- Generated by org.testng.reporters.JUnitReportReporter -->
<testsuite hostname="LAPTOP-RPUML9L6" failures="0" tests="1" name="testcases.UserLogin" time="11.391" errors="0" timestamp="2024-11-10T19:45:52 IST" skipped="0">
  <testcase classname="testcases.UserLogin" name="tc05_registerExitingUser" time="11.391"/>
</testsuite> <!-- testcases.UserLogin -->
