<?xml version="1.0" encoding="UTF-8"?>
<!-- Generated by org.testng.reporters.JUnitReportReporter -->
<testsuite hostname="LAPTOP-RPUML9L6" failures="0" tests="1" name="testcases.UserLogin" time="88.856" errors="0" timestamp="2024-11-10T19:09:45 IST" skipped="0">
  <testcase classname="testcases.UserLogin" name="logOut" time="88.856"/>
</testsuite> <!-- testcases.UserLogin -->
